
Monday, November 28, 2022 4:00:58 PM

 was created successfully.
 was created successfully.
A problem occured trying to create the  contact
Cannot bind argument to parameter 'Name' because it is an empty string.
 was created successfully.
A problem occured trying to create the  contact
Cannot bind argument to parameter 'Name' because it is an empty string.
 was created successfully.
 was created successfully.
 was created successfully.
A problem occured trying to create the  contact
Cannot bind argument to parameter 'Name' because it is an empty string.
 was created successfully.
A problem occured trying to create the  contact
Cannot process argument transformation on parameter 'Name'. Cannot convert value "Admin " to type "System.String". Error: "Name: The property "Name" with value "Admin " is invalid. The value can't contain leading or trailing whitespace."
 was created successfully.
A problem occured trying to create the  contact
Ex55FBCD|Microsoft.Exchange.Configuration.Tasks.TaskException|There are multiple recipients matching identity "Adolpho  Franco". Please specify a unique value.
A problem occured trying to create the  contact
Cannot process argument transformation on parameter 'Name'. Cannot convert value "Adreview " to type "System.String". Error: "Name: The property "Name" with value "Adreview " is invalid. The value can't contain leading or trailing whitespace."
 was created successfully.
 was created successfully.
A problem occured trying to create the  contact
Cannot bind argument to parameter 'Name' because it is an empty string.
A problem occured trying to create the  contact
Cannot bind argument to parameter 'Name' because it is an empty string.
 was created successfully.
 was created successfully.
 was created successfully.
 was created successfully.
 was created successfully.
A problem occured trying to create the  contact
Cannot bind argument to parameter 'Name' because it is an empty string.
 was created successfully.
A problem occured trying to create the  contact
Cannot bind argument to parameter 'Name' because it is an empty string.
 was created successfully.
 was created successfully.
 was created successfully.
A problem occured trying to create the  contact
Cannot bind argument to parameter 'Name' because it is an empty string.
 was created successfully.
A problem occured trying to create the  contact
Cannot bind argument to parameter 'Name' because it is an empty string.
 was created successfully.
 was created successfully.
A problem occured trying to create the  contact
Ex55FBCD|Microsoft.Exchange.Configuration.Tasks.TaskException|There are multiple recipients matching identity "Alex  Granato". Please specify a unique value.
 was created successfully.
 was created successfully.
 was created successfully.
A problem occured trying to create the  contact
Cannot bind argument to parameter 'Name' because it is an empty string.
 was created successfully.
A problem occured trying to create the  contact
Cannot bind argument to parameter 'Name' because it is an empty string.
A problem occured trying to create the  contact
Cannot bind argument to parameter 'Name' because it is an empty string.
 was created successfully.
A problem occured trying to create the  contact
Ex55FBCD|Microsoft.Exchange.Configuration.Tasks.TaskException|There are multiple recipients matching identity "Allan  Korikin". Please specify a unique value.
 was created successfully.
 was created successfully.
A problem occured trying to create the  contact
Cannot bind argument to parameter 'Name' because it is an empty string.
 was created successfully.
 was created successfully.
 was created successfully.
 was created successfully.
 was created successfully.
A problem occured trying to create the  contact
Ex55FBCD|Microsoft.Exchange.Configuration.Tasks.TaskException|There are multiple recipients matching identity "Amelia  Hines". Please specify a unique value.
A problem occured trying to create the  contact
Cannot bind argument to parameter 'Name' because it is an empty string.
 was created successfully.
 was created successfully.
A problem occured trying to create the  contact
Cannot bind argument to parameter 'Name' because it is an empty string.
 was created successfully.
 was created successfully.
 was created successfully.
 was created successfully.
 was created successfully.
 was created successfully.
 was created successfully.
 was created successfully.
 was created successfully.
 was created successfully.
A problem occured trying to create the  contact
Cannot bind argument to parameter 'Name' because it is an empty string.
 was created successfully.
A problem occured trying to create the  contact
Ex55FBCD|Microsoft.Exchange.Configuration.Tasks.TaskException|There are multiple recipients matching identity "Anne  Clermont". Please specify a unique value.
A problem occured trying to create the  contact
Ex55FBCD|Microsoft.Exchange.Configuration.Tasks.TaskException|There are multiple recipients matching identity "Anne  Clermont". Please specify a unique value.
 was created successfully.
 was created successfully.
 was created successfully.
 was created successfully.
 was created successfully.
 was created successfully.
A problem occured trying to create the  contact
Ex55FBCD|Microsoft.Exchange.Configuration.Tasks.TaskException|There are multiple recipients matching identity "Anthony  LaCavalla". Please specify a unique value.
 was created successfully.
A problem occured trying to create the  contact
Cannot bind argument to parameter 'Name' because it is an empty string.
A problem occured trying to create the  contact
Cannot bind argument to parameter 'Name' because it is an empty string.
A problem occured trying to create the  contact
Cannot bind argument to parameter 'Name' because it is an empty string.
 was created successfully.
 was created successfully.
 was created successfully.
 was created successfully.
A problem occured trying to create the  contact
Cannot bind argument to parameter 'Name' because it is an empty string.
A problem occured trying to create the  contact
Cannot bind argument to parameter 'Name' because it is an empty string.
 was created successfully.
 was created successfully.
A problem occured trying to create the  contact
Cannot bind argument to parameter 'Name' because it is an empty string.
A problem occured trying to create the  contact
Cannot bind argument to parameter 'Name' because it is an empty string.
 was created successfully.
A problem occured trying to create the  contact
Cannot bind argument to parameter 'Name' because it is an empty string.
A problem occured trying to create the  contact
Cannot bind argument to parameter 'Name' because it is an empty string.
 was created successfully.
 was created successfully.
 was created successfully.
A problem occured trying to create the  contact
Ex55FBCD|Microsoft.Exchange.Configuration.Tasks.TaskException|There are multiple recipients matching identity "Augustine  Cruciotti". Please specify a unique value.
A problem occured trying to create the  contact
Cannot bind argument to parameter 'Name' because it is an empty string.
A problem occured trying to create the  contact
Cannot bind argument to parameter 'Name' because it is an empty string.
 was created successfully.
 was created successfully.
A problem occured trying to create the  contact
Cannot bind argument to parameter 'Name' because it is an empty string.
A problem occured trying to create the  contact
Cannot bind argument to parameter 'Name' because it is an empty string.
A problem occured trying to create the  contact
Cannot bind argument to parameter 'Name' because it is an empty string.
 was created successfully.
 was created successfully.
A problem occured trying to create the  contact
Cannot bind argument to parameter 'Name' because it is an empty string.
 was created successfully.
 was created successfully.
 was created successfully.
 was created successfully.
 was created successfully.
A problem occured trying to create the  contact
Cannot bind argument to parameter 'Name' because it is an empty string.
 was created successfully.
A problem occured trying to create the  contact
Cannot bind argument to parameter 'Name' because it is an empty string.
 was created successfully.
A problem occured trying to create the  contact
Cannot bind argument to parameter 'Name' because it is an empty string.
 was created successfully.
 was created successfully.
 was created successfully.
 was created successfully.
 was created successfully.
 was created successfully.
A problem occured trying to create the  contact
Ex55FBCD|Microsoft.Exchange.Configuration.Tasks.TaskException|There are multiple recipients matching identity "Bobbie  Ngi". Please specify a unique value.
 was created successfully.
 was created successfully.
 was created successfully.
 was created successfully.
 was created successfully.
A problem occured trying to create the  contact
Cannot bind argument to parameter 'Name' because it is an empty string.
 was created successfully.
 was created successfully.
 was created successfully.
A problem occured trying to create the  contact
Cannot bind argument to parameter 'Name' because it is an empty string.
A problem occured trying to create the  contact
Cannot bind argument to parameter 'Name' because it is an empty string.
 was created successfully.
 was created successfully.
 was created successfully.
 was created successfully.
A problem occured trying to create the  contact
Cannot bind argument to parameter 'Name' because it is an empty string.
A problem occured trying to create the  contact
Cannot bind argument to parameter 'Name' because it is an empty string.
A problem occured trying to create the  contact
Cannot bind argument to parameter 'Name' because it is an empty string.
A problem occured trying to create the  contact
Cannot bind argument to parameter 'Name' because it is an empty string.
A problem occured trying to create the  contact
Cannot bind argument to parameter 'Name' because it is an empty string.
A problem occured trying to create the  contact
Cannot bind argument to parameter 'Name' because it is an empty string.
A problem occured trying to create the  contact
Cannot bind argument to parameter 'Name' because it is an empty string.
A problem occured trying to create the  contact
Cannot bind argument to parameter 'Name' because it is an empty string.
 was created successfully.
A problem occured trying to create the  contact
Cannot bind argument to parameter 'Name' because it is an empty string.
 was created successfully.
A problem occured trying to create the  contact
Ex55FBCD|Microsoft.Exchange.Configuration.Tasks.TaskException|There are multiple recipients matching identity "Camie  Chau". Please specify a unique value.
A problem occured trying to create the  contact
Cannot bind argument to parameter 'Name' because it is an empty string.
 was created successfully.
 was created successfully.
 was created successfully.
 was created successfully.
 was created successfully.
 was created successfully.
 was created successfully.
 was created successfully.
 was created successfully.
A problem occured trying to create the  contact
Cannot bind argument to parameter 'Name' because it is an empty string.
 was created successfully.
 was created successfully.
 was created successfully.
 was created successfully.
A problem occured trying to create the  contact
Cannot bind argument to parameter 'Name' because it is an empty string.
A problem occured trying to create the  contact
Cannot bind argument to parameter 'Name' because it is an empty string.
 was created successfully.
A problem occured trying to create the  contact
Cannot bind argument to parameter 'Name' because it is an empty string.
 was created successfully.
 was created successfully.
 was created successfully.
A problem occured trying to create the  contact
Cannot bind argument to parameter 'Name' because it is an empty string.
A problem occured trying to create the  contact
Cannot bind argument to parameter 'Name' because it is an empty string.
 was created successfully.
A problem occured trying to create the  contact
Cannot bind argument to parameter 'Name' because it is an empty string.
 was created successfully.
 was created successfully.
A problem occured trying to create the  contact
Cannot bind argument to parameter 'Name' because it is an empty string.
 was created successfully.
 was created successfully.
 was created successfully.
 was created successfully.
 was created successfully.
 was created successfully.
A problem occured trying to create the  contact
Ex55FBCD|Microsoft.Exchange.Configuration.Tasks.TaskException|There are multiple recipients matching identity "Christian  Coyle". Please specify a unique value.
 was created successfully.
 was created successfully.
 was created successfully.
A problem occured trying to create the  contact
Ex55FBCD|Microsoft.Exchange.Configuration.Tasks.TaskException|There are multiple recipients matching identity "Chuck  Walker". Please specify a unique value.
 was created successfully.
A problem occured trying to create the  contact
Cannot bind argument to parameter 'Name' because it is an empty string.
 was created successfully.
A problem occured trying to create the  contact
Cannot bind argument to parameter 'Name' because it is an empty string.
 was created successfully.
A problem occured trying to create the  contact
Cannot bind argument to parameter 'Name' because it is an empty string.
 was created successfully.
A problem occured trying to create the  contact
Cannot bind argument to parameter 'Name' because it is an empty string.
 was created successfully.
A problem occured trying to create the  contact
Cannot process argument transformation on parameter 'Name'. Cannot convert value "Contracting " to type "System.String". Error: "Name: The property "Name" with value "Contracting " is invalid. The value can't contain leading or trailing whitespace."
A problem occured trying to create the  contact
Cannot process argument transformation on parameter 'Name'. Cannot convert value "ContractingNLG " to type "System.String". Error: "Name: The property "Name" with value "ContractingNLG " is invalid. The value can't contain leading or trailing whitespace."
A problem occured trying to create the  contact
Cannot process argument transformation on parameter 'Name'. Cannot convert value "Contracts and Licensing  " to type "System.String". Error: "Name: The property "Name" with value "Contracts and Licensing  " is invalid. The value can't contain leading or trailing whitespace."
A problem occured trying to create the  contact
Cannot bind argument to parameter 'Name' because it is an empty string.
 was created successfully.
 was created successfully.
 was created successfully.
A problem occured trying to create the  contact
Cannot bind argument to parameter 'Name' because it is an empty string.
A problem occured trying to create the  contact
Cannot bind argument to parameter 'Name' because it is an empty string.
 was created successfully.
A problem occured trying to create the  contact
Cannot bind argument to parameter 'Name' because it is an empty string.
A problem occured trying to create the  contact
Cannot bind argument to parameter 'Name' because it is an empty string.
 was created successfully.
A problem occured trying to create the  contact
Cannot bind argument to parameter 'Name' because it is an empty string.
 was created successfully.
 was created successfully.
A problem occured trying to create the  contact
Cannot bind argument to parameter 'Name' because it is an empty string.
 was created successfully.
 was created successfully.
 was created successfully.
A problem occured trying to create the  contact
Cannot bind argument to parameter 'Name' because it is an empty string.
A problem occured trying to create the  contact
Cannot bind argument to parameter 'Name' because it is an empty string.
 was created successfully.
 was created successfully.
A problem occured trying to create the  contact
Ex55FBCD|Microsoft.Exchange.Configuration.Tasks.TaskException|There are multiple recipients matching identity "Daniela  Marcon". Please specify a unique value.
 was created successfully.
 was created successfully.
 was created successfully.
 was created successfully.
 was created successfully.
A problem occured trying to create the  contact
Cannot bind argument to parameter 'Name' because it is an empty string.
 was created successfully.
 was created successfully.
 was created successfully.
A problem occured trying to create the  contact
Cannot process argument transformation on parameter 'Name'. Cannot convert value "David " to type "System.String". Error: "Name: The property "Name" with value "David " is invalid. The value can't contain leading or trailing whitespace."
 was created successfully.
 was created successfully.
 was created successfully.
 was created successfully.
 was created successfully.
 was created successfully.
 was created successfully.
A problem occured trying to create the  contact
Cannot bind argument to parameter 'Name' because it is an empty string.
A problem occured trying to create the  contact
Cannot bind argument to parameter 'Name' because it is an empty string.
 was created successfully.
A problem occured trying to create the  contact
Cannot bind argument to parameter 'Name' because it is an empty string.
 was created successfully.
 was created successfully.
A problem occured trying to create the  contact
Ex55FBCD|Microsoft.Exchange.Configuration.Tasks.TaskException|There are multiple recipients matching identity "Debra  Bryan". Please specify a unique value.
A problem occured trying to create the  contact
Cannot bind argument to parameter 'Name' because it is an empty string.
 was created successfully.
 was created successfully.
 was created successfully.
 was created successfully.
 was created successfully.
 was created successfully.
 was created successfully.
 was created successfully.
 was created successfully.
A problem occured trying to create the  contact
Cannot bind argument to parameter 'Name' because it is an empty string.
 was created successfully.
A problem occured trying to create the  contact
Cannot bind argument to parameter 'Name' because it is an empty string.
 was created successfully.
A problem occured trying to create the  contact
Cannot bind argument to parameter 'Name' because it is an empty string.
 was created successfully.
A problem occured trying to create the  contact
Cannot process argument transformation on parameter 'Name'. Cannot convert value "Disbursements-New " to type "System.String". Error: "Name: The property "Name" with value "Disbursements-New " is invalid. The value can't contain leading or trailing whitespace."
A problem occured trying to create the  contact
Cannot bind argument to parameter 'Name' because it is an empty string.
A problem occured trying to create the  contact
Cannot bind argument to parameter 'Name' because it is an empty string.
A problem occured trying to create the  contact
Cannot bind argument to parameter 'Name' because it is an empty string.
A problem occured trying to create the  contact
Cannot bind argument to parameter 'Name' because it is an empty string.
A problem occured trying to create the  contact
Cannot bind argument to parameter 'Name' because it is an empty string.
A problem occured trying to create the  contact
Cannot bind argument to parameter 'Name' because it is an empty string.
A problem occured trying to create the  contact
Cannot bind argument to parameter 'Name' because it is an empty string.
A problem occured trying to create the  contact
Cannot bind argument to parameter 'Name' because it is an empty string.
 was created successfully.
 was created successfully.
 was created successfully.
 was created successfully.
A problem occured trying to create the  contact
Cannot bind argument to parameter 'Name' because it is an empty string.
A problem occured trying to create the  contact
Cannot bind argument to parameter 'Name' because it is an empty string.
 was created successfully.
A problem occured trying to create the  contact
Cannot bind argument to parameter 'Name' because it is an empty string.
 was created successfully.
A problem occured trying to create the  contact
Cannot bind argument to parameter 'Name' because it is an empty string.
 was created successfully.
A problem occured trying to create the  contact
Ex55FBCD|Microsoft.Exchange.Configuration.Tasks.TaskException|There are multiple recipients matching identity "Eileen  Hopkins". Please specify a unique value.
A problem occured trying to create the  contact
Cannot process argument transformation on parameter 'Name'. Cannot convert value "EJ " to type "System.String". Error: "Name: The property "Name" with value "EJ " is invalid. The value can't contain leading or trailing whitespace."
 was created successfully.
 was created successfully.
 was created successfully.
 was created successfully.
 was created successfully.
 was created successfully.
 was created successfully.
A problem occured trying to create the  contact
Ex55FBCD|Microsoft.Exchange.Configuration.Tasks.TaskException|There are multiple recipients matching identity "Elizabeth  Sponseller". Please specify a unique value.
A problem occured trying to create the  contact
Cannot bind argument to parameter 'Name' because it is an empty string.
A problem occured trying to create the  contact
Cannot bind argument to parameter 'Name' because it is an empty string.
A problem occured trying to create the  contact
Cannot bind argument to parameter 'Name' because it is an empty string.
 was created successfully.
A problem occured trying to create the  contact
Cannot bind argument to parameter 'Name' because it is an empty string.
A problem occured trying to create the  contact
Cannot bind argument to parameter 'Name' because it is an empty string.
A problem occured trying to create the  contact
Cannot bind argument to parameter 'Name' because it is an empty string.
A problem occured trying to create the  contact
Cannot bind argument to parameter 'Name' because it is an empty string.
A problem occured trying to create the  contact
Cannot bind argument to parameter 'Name' because it is an empty string.
A problem occured trying to create the  contact
Cannot bind argument to parameter 'Name' because it is an empty string.
 was created successfully.
 was created successfully.
A problem occured trying to create the  contact
Cannot bind argument to parameter 'Name' because it is an empty string.
 was created successfully.
 was created successfully.
A problem occured trying to create the  contact
Cannot bind argument to parameter 'Name' because it is an empty string.
 was created successfully.
A problem occured trying to create the  contact
Cannot bind argument to parameter 'Name' because it is an empty string.
A problem occured trying to create the  contact
Cannot bind argument to parameter 'Name' because it is an empty string.
A problem occured trying to create the  contact
Cannot bind argument to parameter 'Name' because it is an empty string.
 was created successfully.
 was created successfully.
 was created successfully.
A problem occured trying to create the  contact
Cannot bind argument to parameter 'Name' because it is an empty string.
A problem occured trying to create the  contact
Cannot bind argument to parameter 'Name' because it is an empty string.
A problem occured trying to create the  contact
Cannot bind argument to parameter 'Name' because it is an empty string.
 was created successfully.
 was created successfully.
A problem occured trying to create the  contact
Cannot process argument transformation on parameter 'Name'. Cannot convert value "Food & Beverage  " to type "System.String". Error: "Name: The property "Name" with value "Food & Beverage  " is invalid. The value can't contain leading or trailing whitespace."
 was created successfully.
 was created successfully.
A problem occured trying to create the  contact
Ex55FBCD|Microsoft.Exchange.Configuration.Tasks.TaskException|There are multiple recipients matching identity "Francesca  Wight". Please specify a unique value.
A problem occured trying to create the  contact
Cannot bind argument to parameter 'Name' because it is an empty string.
 was created successfully.
 was created successfully.
 was created successfully.
A problem occured trying to create the  contact
Ex55FBCD|Microsoft.Exchange.Configuration.Tasks.TaskException|There are multiple recipients matching identity "Fusion  Elements". Please specify a unique value.
A problem occured trying to create the  contact
Ex55FBCD|Microsoft.Exchange.Configuration.Tasks.TaskException|There are multiple recipients matching identity "Fusion  Elements". Please specify a unique value.
A problem occured trying to create the  contact
Ex55FBCD|Microsoft.Exchange.Configuration.Tasks.TaskException|There are multiple recipients matching identity "Fusion  Elements". Please specify a unique value.
A problem occured trying to create the  contact
Ex55FBCD|Microsoft.Exchange.Configuration.Tasks.TaskException|There are multiple recipients matching identity "Fusion  Elements". Please specify a unique value.
 was created successfully.
 was created successfully.
 was created successfully.
 was created successfully.
 was created successfully.
A problem occured trying to create the  contact
Cannot bind argument to parameter 'Name' because it is an empty string.
 was created successfully.
A problem occured trying to create the  contact
Cannot bind argument to parameter 'Name' because it is an empty string.
A problem occured trying to create the  contact
Cannot bind argument to parameter 'Name' because it is an empty string.
 was created successfully.
 was created successfully.
A problem occured trying to create the  contact
Ex55FBCD|Microsoft.Exchange.Configuration.Tasks.TaskException|There are multiple recipients matching identity "Geoffrey  Wight". Please specify a unique value.
A problem occured trying to create the  contact
Ex55FBCD|Microsoft.Exchange.Configuration.Tasks.TaskException|There are multiple recipients matching identity "Geoffrey  Wight". Please specify a unique value.
 was created successfully.
 was created successfully.
 was created successfully.
A problem occured trying to create the  contact
Cannot bind argument to parameter 'Name' because it is an empty string.
 was created successfully.
A problem occured trying to create the  contact
Ex55FBCD|Microsoft.Exchange.Configuration.Tasks.TaskException|There are multiple recipients matching identity "Gianluca  Caron". Please specify a unique value.
A problem occured trying to create the  contact
Cannot bind argument to parameter 'Name' because it is an empty string.
 was created successfully.
 was created successfully.
A problem occured trying to create the  contact
Cannot bind argument to parameter 'Name' because it is an empty string.
A problem occured trying to create the  contact
Cannot bind argument to parameter 'Name' because it is an empty string.
 was created successfully.
A problem occured trying to create the  contact
Cannot bind argument to parameter 'Name' because it is an empty string.
A problem occured trying to create the  contact
Cannot bind argument to parameter 'Name' because it is an empty string.
 was created successfully.
 was created successfully.
 was created successfully.
 was created successfully.
A problem occured trying to create the  contact
Cannot bind argument to parameter 'Name' because it is an empty string.
A problem occured trying to create the  contact
Cannot bind argument to parameter 'Name' because it is an empty string.
 was created successfully.
 was created successfully.
 was created successfully.
 was created successfully.
A problem occured trying to create the  contact
Cannot bind argument to parameter 'Name' because it is an empty string.
A problem occured trying to create the  contact
Cannot bind argument to parameter 'Name' because it is an empty string.
 was created successfully.
A problem occured trying to create the  contact
Cannot bind argument to parameter 'Name' because it is an empty string.
 was created successfully.
 was created successfully.
A problem occured trying to create the  contact
Cannot bind argument to parameter 'Name' because it is an empty string.
 was created successfully.
 was created successfully.
 was created successfully.
A problem occured trying to create the  contact
Cannot bind argument to parameter 'Name' because it is an empty string.
A problem occured trying to create the  contact
Cannot bind argument to parameter 'Name' because it is an empty string.
A problem occured trying to create the  contact
Cannot bind argument to parameter 'Name' because it is an empty string.
A problem occured trying to create the  contact
Cannot bind argument to parameter 'Name' because it is an empty string.
 was created successfully.
A problem occured trying to create the  contact
Ex55FBCD|Microsoft.Exchange.Configuration.Tasks.TaskException|There are multiple recipients matching identity "Hilary  Loftus". Please specify a unique value.
A problem occured trying to create the  contact
Ex55FBCD|Microsoft.Exchange.Configuration.Tasks.TaskException|There are multiple recipients matching identity "Hilary  Loftus". Please specify a unique value.
 was created successfully.
A problem occured trying to create the  contact
Cannot bind argument to parameter 'Name' because it is an empty string.
 was created successfully.
A problem occured trying to create the  contact
Ex55FBCD|Microsoft.Exchange.Configuration.Tasks.TaskException|There are multiple recipients matching identity "Holly  Johnson". Please specify a unique value.
A problem occured trying to create the  contact
Cannot bind argument to parameter 'Name' because it is an empty string.
A problem occured trying to create the  contact
Cannot bind argument to parameter 'Name' because it is an empty string.
 was created successfully.
A problem occured trying to create the  contact
Cannot bind argument to parameter 'Name' because it is an empty string.
A problem occured trying to create the  contact
Cannot bind argument to parameter 'Name' because it is an empty string.
A problem occured trying to create the  contact
Cannot bind argument to parameter 'Name' because it is an empty string.
A problem occured trying to create the  contact
Cannot bind argument to parameter 'Name' because it is an empty string.
 was created successfully.
A problem occured trying to create the  contact
Cannot bind argument to parameter 'Name' because it is an empty string.
A problem occured trying to create the  contact
Cannot bind argument to parameter 'Name' because it is an empty string.
 was created successfully.
A problem occured trying to create the  contact
Cannot bind argument to parameter 'Name' because it is an empty string.
A problem occured trying to create the  contact
Cannot bind argument to parameter 'Name' because it is an empty string.
 was created successfully.
A problem occured trying to create the  contact
Cannot bind argument to parameter 'Name' because it is an empty string.
A problem occured trying to create the  contact
Cannot bind argument to parameter 'Name' because it is an empty string.
A problem occured trying to create the  contact
Cannot bind argument to parameter 'Name' because it is an empty string.
A problem occured trying to create the  contact
Cannot bind argument to parameter 'Name' because it is an empty string.
 was created successfully.
 was created successfully.
 was created successfully.
 was created successfully.
A problem occured trying to create the  contact
Cannot bind argument to parameter 'Name' because it is an empty string.
 was created successfully.
A problem occured trying to create the  contact
Cannot bind argument to parameter 'Name' because it is an empty string.
A problem occured trying to create the  contact
Cannot bind argument to parameter 'Name' because it is an empty string.
A problem occured trying to create the  contact
Cannot bind argument to parameter 'Name' because it is an empty string.
A problem occured trying to create the  contact
Cannot bind argument to parameter 'Name' because it is an empty string.
A problem occured trying to create the  contact
Cannot bind argument to parameter 'Name' because it is an empty string.
 was created successfully.
 was created successfully.
 was created successfully.
 was created successfully.
 was created successfully.
 was created successfully.
 was created successfully.
 was created successfully.
 was created successfully.
 was created successfully.
A problem occured trying to create the  contact
Cannot bind argument to parameter 'Name' because it is an empty string.
A problem occured trying to create the  contact
Cannot bind argument to parameter 'Name' because it is an empty string.
A problem occured trying to create the  contact
Cannot bind argument to parameter 'Name' because it is an empty string.
 was created successfully.
 was created successfully.
 was created successfully.
 was created successfully.
 was created successfully.
 was created successfully.
 was created successfully.
 was created successfully.
A problem occured trying to create the  contact
Cannot bind argument to parameter 'Name' because it is an empty string.
 was created successfully.
 was created successfully.
 was created successfully.
 was created successfully.
 was created successfully.
 was created successfully.
 was created successfully.
 was created successfully.
 was created successfully.
 was created successfully.
 was created successfully.
 was created successfully.
 was created successfully.
 was created successfully.
A problem occured trying to create the  contact
Cannot bind argument to parameter 'Name' because it is an empty string.
A problem occured trying to create the  contact
Cannot bind argument to parameter 'Name' because it is an empty string.
A problem occured trying to create the  contact
Cannot bind argument to parameter 'Name' because it is an empty string.
A problem occured trying to create the  contact
Cannot bind argument to parameter 'Name' because it is an empty string.
 was created successfully.
A problem occured trying to create the  contact
Cannot bind argument to parameter 'Name' because it is an empty string.
A problem occured trying to create the  contact
Cannot bind argument to parameter 'Name' because it is an empty string.
 was created successfully.
 was created successfully.
 was created successfully.
A problem occured trying to create the  contact
Ex55FBCD|Microsoft.Exchange.Configuration.Tasks.TaskException|There are multiple recipients matching identity "Jimmy  Riccio". Please specify a unique value.
A problem occured trying to create the  contact
Cannot bind argument to parameter 'Name' because it is an empty string.
A problem occured trying to create the  contact
Cannot bind argument to parameter 'Name' because it is an empty string.
A problem occured trying to create the  contact
Cannot bind argument to parameter 'Name' because it is an empty string.
 was created successfully.
 was created successfully.
 was created successfully.
 was created successfully.
 was created successfully.
 was created successfully.
 was created successfully.
 was created successfully.
 was created successfully.
A problem occured trying to create the  contact
Cannot bind argument to parameter 'Name' because it is an empty string.
 was created successfully.
 was created successfully.
 was created successfully.
 was created successfully.
 was created successfully.
 was created successfully.
 was created successfully.
A problem occured trying to create the  contact
Ex55FBCD|Microsoft.Exchange.Configuration.Tasks.TaskException|There are multiple recipients matching identity "Jose  Gomez". Please specify a unique value.
 was created successfully.
 was created successfully.
 was created successfully.
A problem occured trying to create the  contact
Cannot bind argument to parameter 'Name' because it is an empty string.
A problem occured trying to create the  contact
Cannot bind argument to parameter 'Name' because it is an empty string.
 was created successfully.
 was created successfully.
 was created successfully.
 was created successfully.
 was created successfully.
 was created successfully.
 was created successfully.
A problem occured trying to create the  contact
Ex55FBCD|Microsoft.Exchange.Configuration.Tasks.TaskException|There are multiple recipients matching identity "Julie  Montesano". Please specify a unique value.
 was created successfully.
 was created successfully.
 was created successfully.
 was created successfully.
 was created successfully.
 was created successfully.
A problem occured trying to create the  contact
Cannot bind argument to parameter 'Name' because it is an empty string.
 was created successfully.
 was created successfully.
 was created successfully.
A problem occured trying to create the  contact
Ex55FBCD|Microsoft.Exchange.Configuration.Tasks.TaskException|There are multiple recipients matching identity "Kara  Martin". Please specify a unique value.
A problem occured trying to create the  contact
Cannot bind argument to parameter 'Name' because it is an empty string.
 was created successfully.
 was created successfully.
 was created successfully.
 was created successfully.
A problem occured trying to create the  contact
Cannot bind argument to parameter 'Name' because it is an empty string.
A problem occured trying to create the  contact
Cannot bind argument to parameter 'Name' because it is an empty string.
A problem occured trying to create the  contact
Cannot bind argument to parameter 'Name' because it is an empty string.
A problem occured trying to create the  contact
Cannot bind argument to parameter 'Name' because it is an empty string.
A problem occured trying to create the  contact
Cannot bind argument to parameter 'Name' because it is an empty string.
A problem occured trying to create the  contact
Cannot bind argument to parameter 'Name' because it is an empty string.
 was created successfully.
 was created successfully.
 was created successfully.
A problem occured trying to create the  contact
Ex55FBCD|Microsoft.Exchange.Configuration.Tasks.TaskException|There are multiple recipients matching identity "Kate  Brown". Please specify a unique value.
 was created successfully.
A problem occured trying to create the  contact
Cannot bind argument to parameter 'Name' because it is an empty string.
 was created successfully.
 was created successfully.
 was created successfully.
A problem occured trying to create the  contact
Cannot bind argument to parameter 'Name' because it is an empty string.
A problem occured trying to create the  contact
Cannot bind argument to parameter 'Name' because it is an empty string.
 was created successfully.
 was created successfully.
 was created successfully.
 was created successfully.
A problem occured trying to create the  contact
Cannot bind argument to parameter 'Name' because it is an empty string.
 was created successfully.
A problem occured trying to create the  contact
Cannot bind argument to parameter 'Name' because it is an empty string.
 was created successfully.
 was created successfully.
A problem occured trying to create the  contact
Cannot bind argument to parameter 'Name' because it is an empty string.
 was created successfully.
 was created successfully.
 was created successfully.
 was created successfully.
A problem occured trying to create the  contact
Cannot bind argument to parameter 'Name' because it is an empty string.
A problem occured trying to create the  contact
Cannot bind argument to parameter 'Name' because it is an empty string.
 was created successfully.
 was created successfully.
A problem occured trying to create the  contact
Cannot bind argument to parameter 'Name' because it is an empty string.
A problem occured trying to create the  contact
Cannot bind argument to parameter 'Name' because it is an empty string.
A problem occured trying to create the  contact
Cannot bind argument to parameter 'Name' because it is an empty string.
A problem occured trying to create the  contact
Cannot bind argument to parameter 'Name' because it is an empty string.
A problem occured trying to create the  contact
Cannot bind argument to parameter 'Name' because it is an empty string.
 was created successfully.
A problem occured trying to create the  contact
Cannot bind argument to parameter 'Name' because it is an empty string.
 was created successfully.
 was created successfully.
 was created successfully.
 was created successfully.
 was created successfully.
A problem occured trying to create the  contact
Cannot bind argument to parameter 'Name' because it is an empty string.
A problem occured trying to create the  contact
Cannot bind argument to parameter 'Name' because it is an empty string.
 was created successfully.
 was created successfully.
 was created successfully.
 was created successfully.
A problem occured trying to create the  contact
Ex55FBCD|Microsoft.Exchange.Configuration.Tasks.TaskException|There are multiple recipients matching identity "Laura  Bostwick". Please specify a unique value.
A problem occured trying to create the  contact
Ex55FBCD|Microsoft.Exchange.Configuration.Tasks.TaskException|There are multiple recipients matching identity "Laura  Bostwick". Please specify a unique value.
 was created successfully.
 was created successfully.
A problem occured trying to create the  contact
Cannot bind argument to parameter 'Name' because it is an empty string.
 was created successfully.
 was created successfully.
A problem occured trying to create the  contact
Cannot bind argument to parameter 'Name' because it is an empty string.
 was created successfully.
 was created successfully.
A problem occured trying to create the  contact
Cannot bind argument to parameter 'Name' because it is an empty string.
 was created successfully.
A problem occured trying to create the  contact
Cannot bind argument to parameter 'Name' because it is an empty string.
A problem occured trying to create the  contact
Cannot bind argument to parameter 'Name' because it is an empty string.
A problem occured trying to create the  contact
Cannot bind argument to parameter 'Name' because it is an empty string.
 was created successfully.
A problem occured trying to create the  contact
Cannot bind argument to parameter 'Name' because it is an empty string.
 was created successfully.
A problem occured trying to create the  contact
Ex55FBCD|Microsoft.Exchange.Configuration.Tasks.TaskException|There are multiple recipients matching identity "Len  Lorentz". Please specify a unique value.
 was created successfully.
 was created successfully.
A problem occured trying to create the  contact
Ex55FBCD|Microsoft.Exchange.Configuration.Tasks.TaskException|There are multiple recipients matching identity "Lenore  Phillips". Please specify a unique value.
 was created successfully.
 was created successfully.
 was created successfully.
 was created successfully.
A problem occured trying to create the  contact
Cannot bind argument to parameter 'Name' because it is an empty string.
 was created successfully.
 was created successfully.
A problem occured trying to create the  contact
Cannot bind argument to parameter 'Name' because it is an empty string.
 was created successfully.
A problem occured trying to create the  contact
Cannot bind argument to parameter 'Name' because it is an empty string.
 was created successfully.
 was created successfully.
 was created successfully.
A problem occured trying to create the  contact
Cannot bind argument to parameter 'Name' because it is an empty string.
A problem occured trying to create the  contact
Cannot bind argument to parameter 'Name' because it is an empty string.
 was created successfully.
A problem occured trying to create the  contact
Cannot bind argument to parameter 'Name' because it is an empty string.
 was created successfully.
 was created successfully.
 was created successfully.
 was created successfully.
A problem occured trying to create the  contact
Cannot bind argument to parameter 'Name' because it is an empty string.
 was created successfully.
 was created successfully.
A problem occured trying to create the  contact
Cannot bind argument to parameter 'Name' because it is an empty string.
A problem occured trying to create the  contact
Cannot bind argument to parameter 'Name' because it is an empty string.
 was created successfully.
A problem occured trying to create the  contact
Ex55FBCD|Microsoft.Exchange.Configuration.Tasks.TaskException|There are multiple recipients matching identity "Lloyd  Domingos". Please specify a unique value.
A problem occured trying to create the  contact
Cannot bind argument to parameter 'Name' because it is an empty string.
 was created successfully.
 was created successfully.
A problem occured trying to create the  contact
Cannot bind argument to parameter 'Name' because it is an empty string.
A problem occured trying to create the  contact
Cannot bind argument to parameter 'Name' because it is an empty string.
A problem occured trying to create the  contact
Cannot bind argument to parameter 'Name' because it is an empty string.
 was created successfully.
 was created successfully.
 was created successfully.
 was created successfully.
A problem occured trying to create the  contact
Cannot bind argument to parameter 'Name' because it is an empty string.
A problem occured trying to create the  contact
Cannot bind argument to parameter 'Name' because it is an empty string.
A problem occured trying to create the  contact
Cannot bind argument to parameter 'Name' because it is an empty string.
A problem occured trying to create the  contact
Cannot bind argument to parameter 'Name' because it is an empty string.
A problem occured trying to create the  contact
Cannot bind argument to parameter 'Name' because it is an empty string.
A problem occured trying to create the  contact
Cannot bind argument to parameter 'Name' because it is an empty string.
 was created successfully.
 was created successfully.
A problem occured trying to create the  contact
Cannot bind argument to parameter 'Name' because it is an empty string.
 was created successfully.
A problem occured trying to create the  contact
Cannot bind argument to parameter 'Name' because it is an empty string.
A problem occured trying to create the  contact
Cannot bind argument to parameter 'Name' because it is an empty string.
 was created successfully.
A problem occured trying to create the  contact
Cannot bind argument to parameter 'Name' because it is an empty string.
 was created successfully.
 was created successfully.
 was created successfully.
A problem occured trying to create the  contact
Cannot bind argument to parameter 'Name' because it is an empty string.
 was created successfully.
 was created successfully.
 was created successfully.
 was created successfully.
 was created successfully.
 was created successfully.
A problem occured trying to create the  contact
Cannot bind argument to parameter 'Name' because it is an empty string.
A problem occured trying to create the  contact
Cannot bind argument to parameter 'Name' because it is an empty string.
A problem occured trying to create the  contact
Cannot bind argument to parameter 'Name' because it is an empty string.
 was created successfully.
 was created successfully.
 was created successfully.
A problem occured trying to create the  contact
Cannot bind argument to parameter 'Name' because it is an empty string.
 was created successfully.
 was created successfully.
A problem occured trying to create the  contact
Cannot bind argument to parameter 'Name' because it is an empty string.
A problem occured trying to create the  contact
Cannot bind argument to parameter 'Name' because it is an empty string.
A problem occured trying to create the  contact
Cannot bind argument to parameter 'Name' because it is an empty string.
A problem occured trying to create the  contact
Cannot bind argument to parameter 'Name' because it is an empty string.
 was created successfully.
 was created successfully.
 was created successfully.
 was created successfully.
 was created successfully.
 was created successfully.
A problem occured trying to create the  contact
Cannot bind argument to parameter 'Name' because it is an empty string.
A problem occured trying to create the  contact
Cannot bind argument to parameter 'Name' because it is an empty string.
A problem occured trying to create the  contact
Cannot bind argument to parameter 'Name' because it is an empty string.
A problem occured trying to create the  contact
Cannot bind argument to parameter 'Name' because it is an empty string.
 was created successfully.
 was created successfully.
 was created successfully.
 was created successfully.
 was created successfully.
 was created successfully.
 was created successfully.
A problem occured trying to create the  contact
Cannot bind argument to parameter 'Name' because it is an empty string.
 was created successfully.
A problem occured trying to create the  contact
Cannot bind argument to parameter 'Name' because it is an empty string.
A problem occured trying to create the  contact
Cannot bind argument to parameter 'Name' because it is an empty string.
 was created successfully.
 was created successfully.
 was created successfully.
 was created successfully.
 was created successfully.
A problem occured trying to create the  contact
Cannot bind argument to parameter 'Name' because it is an empty string.
 was created successfully.
A problem occured trying to create the  contact
Cannot bind argument to parameter 'Name' because it is an empty string.
 was created successfully.
 was created successfully.
 was created successfully.
 was created successfully.
A problem occured trying to create the  contact
Cannot bind argument to parameter 'Name' because it is an empty string.
 was created successfully.
 was created successfully.
 was created successfully.
A problem occured trying to create the  contact
Cannot bind argument to parameter 'Name' because it is an empty string.
 was created successfully.
 was created successfully.
 was created successfully.
 was created successfully.
A problem occured trying to create the  contact
Cannot bind argument to parameter 'Name' because it is an empty string.
A problem occured trying to create the  contact
Cannot bind argument to parameter 'Name' because it is an empty string.
 was created successfully.
 was created successfully.
 was created successfully.
 was created successfully.
 was created successfully.
 was created successfully.
A problem occured trying to create the  contact
Cannot bind argument to parameter 'Name' because it is an empty string.
 was created successfully.
A problem occured trying to create the  contact
Cannot bind argument to parameter 'Name' because it is an empty string.
 was created successfully.
A problem occured trying to create the  contact
Cannot bind argument to parameter 'Name' because it is an empty string.
A problem occured trying to create the  contact
Cannot bind argument to parameter 'Name' because it is an empty string.
A problem occured trying to create the  contact
Cannot bind argument to parameter 'Name' because it is an empty string.
A problem occured trying to create the  contact
Cannot bind argument to parameter 'Name' because it is an empty string.
A problem occured trying to create the  contact
Cannot bind argument to parameter 'Name' because it is an empty string.
A problem occured trying to create the  contact
Cannot bind argument to parameter 'Name' because it is an empty string.
 was created successfully.
 was created successfully.
A problem occured trying to create the  contact
Cannot bind argument to parameter 'Name' because it is an empty string.
A problem occured trying to create the  contact
Cannot bind argument to parameter 'Name' because it is an empty string.
 was created successfully.
A problem occured trying to create the  contact
Cannot bind argument to parameter 'Name' because it is an empty string.
A problem occured trying to create the  contact
Cannot bind argument to parameter 'Name' because it is an empty string.
A problem occured trying to create the  contact
Cannot bind argument to parameter 'Name' because it is an empty string.
 was created successfully.
A problem occured trying to create the  contact
Cannot bind argument to parameter 'Name' because it is an empty string.
A problem occured trying to create the  contact
Cannot bind argument to parameter 'Name' because it is an empty string.
A problem occured trying to create the  contact
Cannot process argument transformation on parameter 'Name'. Cannot convert value "NewBusiness " to type "System.String". Error: "Name: The property "Name" with value "NewBusiness " is invalid. The value can't contain leading or trailing whitespace."
 was created successfully.
 was created successfully.
 was created successfully.
A problem occured trying to create the  contact
Cannot bind argument to parameter 'Name' because it is an empty string.
 was created successfully.
 was created successfully.
 was created successfully.
 was created successfully.
A problem occured trying to create the  contact
Cannot bind argument to parameter 'Name' because it is an empty string.
A problem occured trying to create the  contact
Cannot bind argument to parameter 'Name' because it is an empty string.
A problem occured trying to create the  contact
Cannot bind argument to parameter 'Name' because it is an empty string.
A problem occured trying to create the  contact
Cannot bind argument to parameter 'Name' because it is an empty string.
A problem occured trying to create the  contact
Cannot bind argument to parameter 'Name' because it is an empty string.
A problem occured trying to create the  contact
Cannot bind argument to parameter 'Name' because it is an empty string.
 was created successfully.
A problem occured trying to create the  contact
Cannot bind argument to parameter 'Name' because it is an empty string.
 was created successfully.
A problem occured trying to create the  contact
Cannot bind argument to parameter 'Name' because it is an empty string.
A problem occured trying to create the  contact
Cannot bind argument to parameter 'Name' because it is an empty string.
 was created successfully.
 was created successfully.
A problem occured trying to create the  contact
Cannot bind argument to parameter 'Name' because it is an empty string.
 was created successfully.
 was created successfully.
 was created successfully.
A problem occured trying to create the  contact
Cannot bind argument to parameter 'Name' because it is an empty string.
 was created successfully.
A problem occured trying to create the  contact
Cannot bind argument to parameter 'Name' because it is an empty string.
 was created successfully.
 was created successfully.
 was created successfully.
 was created successfully.
 was created successfully.
A problem occured trying to create the  contact
Ex55FBCD|Microsoft.Exchange.Configuration.Tasks.TaskException|There are multiple recipients matching identity "Philip  Mintzer". Please specify a unique value.
A problem occured trying to create the  contact
Cannot bind argument to parameter 'Name' because it is an empty string.
A problem occured trying to create the  contact
Cannot bind argument to parameter 'Name' because it is an empty string.
A problem occured trying to create the  contact
Cannot bind argument to parameter 'Name' because it is an empty string.
A problem occured trying to create the  contact
Cannot bind argument to parameter 'Name' because it is an empty string.
 was created successfully.
 was created successfully.
A problem occured trying to create the  contact
Ex55FBCD|Microsoft.Exchange.Configuration.Tasks.TaskException|There are multiple recipients matching identity "Priya  Realtor". Please specify a unique value.
A problem occured trying to create the  contact
Cannot bind argument to parameter 'Name' because it is an empty string.
A problem occured trying to create the  contact
Cannot bind argument to parameter 'Name' because it is an empty string.
A problem occured trying to create the  contact
Cannot bind argument to parameter 'Name' because it is an empty string.
A problem occured trying to create the  contact
Cannot bind argument to parameter 'Name' because it is an empty string.
A problem occured trying to create the  contact
Cannot bind argument to parameter 'Name' because it is an empty string.
 was created successfully.
A problem occured trying to create the  contact
Cannot bind argument to parameter 'Name' because it is an empty string.
 was created successfully.
A problem occured trying to create the  contact
Cannot bind argument to parameter 'Name' because it is an empty string.
A problem occured trying to create the  contact
Cannot bind argument to parameter 'Name' because it is an empty string.
A problem occured trying to create the  contact
Cannot bind argument to parameter 'Name' because it is an empty string.
 was created successfully.
A problem occured trying to create the  contact
Cannot bind argument to parameter 'Name' because it is an empty string.
A problem occured trying to create the  contact
Cannot bind argument to parameter 'Name' because it is an empty string.
 was created successfully.
A problem occured trying to create the  contact
Cannot bind argument to parameter 'Name' because it is an empty string.
A problem occured trying to create the  contact
Cannot bind argument to parameter 'Name' because it is an empty string.
A problem occured trying to create the  contact
Cannot bind argument to parameter 'Name' because it is an empty string.
A problem occured trying to create the  contact
Cannot bind argument to parameter 'Name' because it is an empty string.
 was created successfully.
 was created successfully.
 was created successfully.
 was created successfully.
 was created successfully.
 was created successfully.
 was created successfully.
 was created successfully.
A problem occured trying to create the  contact
Cannot bind argument to parameter 'Name' because it is an empty string.
A problem occured trying to create the  contact
Cannot bind argument to parameter 'Name' because it is an empty string.
 was created successfully.
 was created successfully.
 was created successfully.
 was created successfully.
 was created successfully.
A problem occured trying to create the  contact
Cannot bind argument to parameter 'Name' because it is an empty string.
A problem occured trying to create the  contact
Cannot bind argument to parameter 'Name' because it is an empty string.
A problem occured trying to create the  contact
Cannot bind argument to parameter 'Name' because it is an empty string.
 was created successfully.
 was created successfully.
 was created successfully.
A problem occured trying to create the  contact
Cannot process argument transformation on parameter 'Name'. Cannot convert value "Robert " to type "System.String". Error: "Name: The property "Name" with value "Robert " is invalid. The value can't contain leading or trailing whitespace."
 was created successfully.
 was created successfully.
 was created successfully.
 was created successfully.
 was created successfully.
 was created successfully.
 was created successfully.
A problem occured trying to create the  contact
Cannot bind argument to parameter 'Name' because it is an empty string.
 was created successfully.
A problem occured trying to create the  contact
Ex55FBCD|Microsoft.Exchange.Configuration.Tasks.TaskException|There are multiple recipients matching identity "Rosa  Justs". Please specify a unique value.
A problem occured trying to create the  contact
Cannot bind argument to parameter 'Name' because it is an empty string.
 was created successfully.
 was created successfully.
A problem occured trying to create the  contact
Cannot bind argument to parameter 'Name' because it is an empty string.
A problem occured trying to create the  contact
Cannot bind argument to parameter 'Name' because it is an empty string.
A problem occured trying to create the  contact
Cannot bind argument to parameter 'Name' because it is an empty string.
 was created successfully.
 was created successfully.
 was created successfully.
 was created successfully.
 was created successfully.
A problem occured trying to create the  contact
Cannot bind argument to parameter 'Name' because it is an empty string.
 was created successfully.
A problem occured trying to create the  contact
Cannot bind argument to parameter 'Name' because it is an empty string.
A problem occured trying to create the  contact
Cannot bind argument to parameter 'Name' because it is an empty string.
 was created successfully.
 was created successfully.
 was created successfully.
A problem occured trying to create the  contact
Cannot bind argument to parameter 'Name' because it is an empty string.
 was created successfully.
 was created successfully.
 was created successfully.
A problem occured trying to create the  contact
Cannot bind argument to parameter 'Name' because it is an empty string.
 was created successfully.
 was created successfully.
 was created successfully.
A problem occured trying to create the  contact
Cannot bind argument to parameter 'Name' because it is an empty string.
 was created successfully.
A problem occured trying to create the  contact
Cannot bind argument to parameter 'Name' because it is an empty string.
 was created successfully.
A problem occured trying to create the  contact
Cannot bind argument to parameter 'Name' because it is an empty string.
 was created successfully.
A problem occured trying to create the  contact
Cannot bind argument to parameter 'Name' because it is an empty string.
A problem occured trying to create the  contact
Cannot bind argument to parameter 'Name' because it is an empty string.
A problem occured trying to create the  contact
Cannot bind argument to parameter 'Name' because it is an empty string.
A problem occured trying to create the  contact
Cannot bind argument to parameter 'Name' because it is an empty string.
A problem occured trying to create the  contact
Cannot bind argument to parameter 'Name' because it is an empty string.
 was created successfully.
 was created successfully.
 was created successfully.
 was created successfully.
A problem occured trying to create the  contact
Cannot bind argument to parameter 'Name' because it is an empty string.
 was created successfully.
A problem occured trying to create the  contact
Cannot bind argument to parameter 'Name' because it is an empty string.
 was created successfully.
A problem occured trying to create the  contact
Cannot bind argument to parameter 'Name' because it is an empty string.
 was created successfully.
 was created successfully.
 was created successfully.
 was created successfully.
A problem occured trying to create the  contact
Cannot bind argument to parameter 'Name' because it is an empty string.
A problem occured trying to create the  contact
Cannot bind argument to parameter 'Name' because it is an empty string.
 was created successfully.
A problem occured trying to create the  contact
Cannot bind argument to parameter 'Name' because it is an empty string.
A problem occured trying to create the  contact
Cannot bind argument to parameter 'Name' because it is an empty string.
A problem occured trying to create the  contact
Cannot bind argument to parameter 'Name' because it is an empty string.
 was created successfully.
 was created successfully.
A problem occured trying to create the  contact
Cannot bind argument to parameter 'Name' because it is an empty string.
 was created successfully.
 was created successfully.
A problem occured trying to create the  contact
Cannot bind argument to parameter 'Name' because it is an empty string.
 was created successfully.
A problem occured trying to create the  contact
Cannot bind argument to parameter 'Name' because it is an empty string.
A problem occured trying to create the  contact
Cannot bind argument to parameter 'Name' because it is an empty string.
A problem occured trying to create the  contact
Cannot bind argument to parameter 'Name' because it is an empty string.
A problem occured trying to create the  contact
Cannot bind argument to parameter 'Name' because it is an empty string.
A problem occured trying to create the  contact
Cannot bind argument to parameter 'Name' because it is an empty string.
A problem occured trying to create the  contact
Cannot bind argument to parameter 'Name' because it is an empty string.
 was created successfully.
 was created successfully.
 was created successfully.
A problem occured trying to create the  contact
Cannot bind argument to parameter 'Name' because it is an empty string.
A problem occured trying to create the  contact
Cannot bind argument to parameter 'Name' because it is an empty string.
 was created successfully.
 was created successfully.
A problem occured trying to create the  contact
Cannot bind argument to parameter 'Name' because it is an empty string.
A problem occured trying to create the  contact
Cannot process argument transformation on parameter 'Name'. Cannot convert value "TAG-Contracting " to type "System.String". Error: "Name: The property "Name" with value "TAG-Contracting " is invalid. The value can't contain leading or trailing whitespace."
 was created successfully.
A problem occured trying to create the  contact
Cannot bind argument to parameter 'Name' because it is an empty string.
 was created successfully.
 was created successfully.
A problem occured trying to create the  contact
Cannot bind argument to parameter 'Name' because it is an empty string.
A problem occured trying to create the  contact
Cannot bind argument to parameter 'Name' because it is an empty string.
A problem occured trying to create the  contact
Cannot bind argument to parameter 'Name' because it is an empty string.
 was created successfully.
A problem occured trying to create the  contact
Cannot bind argument to parameter 'Name' because it is an empty string.
A problem occured trying to create the  contact
Cannot bind argument to parameter 'Name' because it is an empty string.
 was created successfully.
A problem occured trying to create the  contact
Ex55FBCD|Microsoft.Exchange.Configuration.Tasks.TaskException|There are multiple recipients matching identity "Teresa  Parella". Please specify a unique value.
 was created successfully.
A problem occured trying to create the  contact
Cannot bind argument to parameter 'Name' because it is an empty string.
 was created successfully.
 was created successfully.
A problem occured trying to create the  contact
Cannot bind argument to parameter 'Name' because it is an empty string.
A problem occured trying to create the  contact
Cannot bind argument to parameter 'Name' because it is an empty string.
 was created successfully.
 was created successfully.
 was created successfully.
A problem occured trying to create the  contact
Cannot bind argument to parameter 'Name' because it is an empty string.
 was created successfully.
 was created successfully.
A problem occured trying to create the  contact
Ex55FBCD|Microsoft.Exchange.Configuration.Tasks.TaskException|There are multiple recipients matching identity "Tim  Richardson". Please specify a unique value.
 was created successfully.
 was created successfully.
 was created successfully.
 was created successfully.
 was created successfully.
A problem occured trying to create the  contact
Cannot bind argument to parameter 'Name' because it is an empty string.
 was created successfully.
 was created successfully.
 was created successfully.
 was created successfully.
 was created successfully.
 was created successfully.
 was created successfully.
 was created successfully.
A problem occured trying to create the  contact
Cannot bind argument to parameter 'Name' because it is an empty string.
A problem occured trying to create the  contact
Cannot bind argument to parameter 'Name' because it is an empty string.
A problem occured trying to create the  contact
Cannot bind argument to parameter 'Name' because it is an empty string.
A problem occured trying to create the  contact
Cannot bind argument to parameter 'Name' because it is an empty string.
 was created successfully.
A problem occured trying to create the  contact
Cannot bind argument to parameter 'Name' because it is an empty string.
A problem occured trying to create the  contact
Cannot bind argument to parameter 'Name' because it is an empty string.
 was created successfully.
A problem occured trying to create the  contact
Cannot process argument transformation on parameter 'Name'. Cannot convert value "Vader " to type "System.String". Error: "Name: The property "Name" with value "Vader " is invalid. The value can't contain leading or trailing whitespace."
A problem occured trying to create the  contact
Cannot bind argument to parameter 'Name' because it is an empty string.
 was created successfully.
 was created successfully.
A problem occured trying to create the  contact
Ex55FBCD|Microsoft.Exchange.Configuration.Tasks.TaskException|There are multiple recipients matching identity "Vernon  Kearney". Please specify a unique value.
 was created successfully.
A problem occured trying to create the  contact
Cannot bind argument to parameter 'Name' because it is an empty string.
 was created successfully.
 was created successfully.
 was created successfully.
A problem occured trying to create the  contact
Cannot bind argument to parameter 'Name' because it is an empty string.
 was created successfully.
A problem occured trying to create the  contact
Cannot bind argument to parameter 'Name' because it is an empty string.
 was created successfully.
 was created successfully.
 was created successfully.
 was created successfully.
A problem occured trying to create the  contact
Cannot process argument transformation on parameter 'Name'. Cannot convert value "WIGHT_GEOFFREY_5NI " to type "System.String". Error: "Name: The property "Name" with value "WIGHT_GEOFFREY_5NI " is invalid. The value can't contain leading or trailing whitespace."
A problem occured trying to create the  contact
Cannot bind argument to parameter 'Name' because it is an empty string.
A problem occured trying to create the  contact
Cannot bind argument to parameter 'Name' because it is an empty string.
 was created successfully.
 was created successfully.
 was created successfully.
 was created successfully.
A problem occured trying to create the  contact
Cannot bind argument to parameter 'Name' because it is an empty string.
 was created successfully.
A problem occured trying to create the  contact
Cannot bind argument to parameter 'Name' because it is an empty string.
A problem occured trying to create the  contact
Cannot bind argument to parameter 'Name' because it is an empty string.
A problem occured trying to create the  contact
Cannot bind argument to parameter 'Name' because it is an empty string.
A problem occured trying to create the  contact
Cannot bind argument to parameter 'Name' because it is an empty string.
 was created successfully.
 was created successfully.
